2026-04-28 13:20:58 [error]: TokenExpiredError: jwt expired
    at /Users/apple/Downloads/employee-onboarding/backend/node_modules/jsonwebtoken/verify.js:190:21
    at getSecret (/Users/apple/Downloads/employee-onboarding/backend/node_modules/jsonwebtoken/verify.js:97:14)
    at module.exports [as verify] (/Users/apple/Downloads/employee-onboarding/backend/node_modules/jsonwebtoken/verify.js:101:10)
    at exports.protect (/Users/apple/Downloads/employee-onboarding/backend/middlewares/auth.middleware.js:21:25)
    at Layer.handle [as handle_request] (/Users/apple/Downloads/employee-onboarding/backend/node_modules/express/lib/router/layer.js:95:5)
    at trim_prefix (/Users/apple/Downloads/employee-onboarding/backend/node_modules/express/lib/router/index.js:328:13)
    at /Users/apple/Downloads/employee-onboarding/backend/node_modules/express/lib/router/index.js:286:9
    at Function.process_params (/Users/apple/Downloads/employee-onboarding/backend/node_modules/express/lib/router/index.js:346:12)
    at next (/Users/apple/Downloads/employee-onboarding/backend/node_modules/express/lib/router/index.js:280:10)
    at Function.handle (/Users/apple/Downloads/employee-onboarding/backend/node_modules/express/lib/router/index.js:175:3)
2026-04-28 13:20:58 [error]: TokenExpiredError: jwt expired
    at /Users/apple/Downloads/employee-onboarding/backend/node_modules/jsonwebtoken/verify.js:190:21
    at getSecret (/Users/apple/Downloads/employee-onboarding/backend/node_modules/jsonwebtoken/verify.js:97:14)
    at module.exports [as verify] (/Users/apple/Downloads/employee-onboarding/backend/node_modules/jsonwebtoken/verify.js:101:10)
    at exports.protect (/Users/apple/Downloads/employee-onboarding/backend/middlewares/auth.middleware.js:21:25)
    at Layer.handle [as handle_request] (/Users/apple/Downloads/employee-onboarding/backend/node_modules/express/lib/router/layer.js:95:5)
    at trim_prefix (/Users/apple/Downloads/employee-onboarding/backend/node_modules/express/lib/router/index.js:328:13)
    at /Users/apple/Downloads/employee-onboarding/backend/node_modules/express/lib/router/index.js:286:9
    at Function.process_params (/Users/apple/Downloads/employee-onboarding/backend/node_modules/express/lib/router/index.js:346:12)
    at next (/Users/apple/Downloads/employee-onboarding/backend/node_modules/express/lib/router/index.js:280:10)
    at Function.handle (/Users/apple/Downloads/employee-onboarding/backend/node_modules/express/lib/router/index.js:175:3)
2026-04-28 13:20:59 [error]: TokenExpiredError: jwt expired
    at /Users/apple/Downloads/employee-onboarding/backend/node_modules/jsonwebtoken/verify.js:190:21
    at getSecret (/Users/apple/Downloads/employee-onboarding/backend/node_modules/jsonwebtoken/verify.js:97:14)
    at module.exports [as verify] (/Users/apple/Downloads/employee-onboarding/backend/node_modules/jsonwebtoken/verify.js:101:10)
    at exports.protect (/Users/apple/Downloads/employee-onboarding/backend/middlewares/auth.middleware.js:21:25)
    at Layer.handle [as handle_request] (/Users/apple/Downloads/employee-onboarding/backend/node_modules/express/lib/router/layer.js:95:5)
    at trim_prefix (/Users/apple/Downloads/employee-onboarding/backend/node_modules/express/lib/router/index.js:328:13)
    at /Users/apple/Downloads/employee-onboarding/backend/node_modules/express/lib/router/index.js:286:9
    at Function.process_params (/Users/apple/Downloads/employee-onboarding/backend/node_modules/express/lib/router/index.js:346:12)
    at next (/Users/apple/Downloads/employee-onboarding/backend/node_modules/express/lib/router/index.js:280:10)
    at Function.handle (/Users/apple/Downloads/employee-onboarding/backend/node_modules/express/lib/router/index.js:175:3)
2026-04-28 13:20:59 [error]: TokenExpiredError: jwt expired
    at /Users/apple/Downloads/employee-onboarding/backend/node_modules/jsonwebtoken/verify.js:190:21
    at getSecret (/Users/apple/Downloads/employee-onboarding/backend/node_modules/jsonwebtoken/verify.js:97:14)
    at module.exports [as verify] (/Users/apple/Downloads/employee-onboarding/backend/node_modules/jsonwebtoken/verify.js:101:10)
    at exports.protect (/Users/apple/Downloads/employee-onboarding/backend/middlewares/auth.middleware.js:21:25)
    at Layer.handle [as handle_request] (/Users/apple/Downloads/employee-onboarding/backend/node_modules/express/lib/router/layer.js:95:5)
    at trim_prefix (/Users/apple/Downloads/employee-onboarding/backend/node_modules/express/lib/router/index.js:328:13)
    at /Users/apple/Downloads/employee-onboarding/backend/node_modules/express/lib/router/index.js:286:9
    at Function.process_params (/Users/apple/Downloads/employee-onboarding/backend/node_modules/express/lib/router/index.js:346:12)
    at next (/Users/apple/Downloads/employee-onboarding/backend/node_modules/express/lib/router/index.js:280:10)
    at Function.handle (/Users/apple/Downloads/employee-onboarding/backend/node_modules/express/lib/router/index.js:175:3)
2026-04-28 13:21:01 [error]: TokenExpiredError: jwt expired
    at /Users/apple/Downloads/employee-onboarding/backend/node_modules/jsonwebtoken/verify.js:190:21
    at getSecret (/Users/apple/Downloads/employee-onboarding/backend/node_modules/jsonwebtoken/verify.js:97:14)
    at module.exports [as verify] (/Users/apple/Downloads/employee-onboarding/backend/node_modules/jsonwebtoken/verify.js:101:10)
    at exports.protect (/Users/apple/Downloads/employee-onboarding/backend/middlewares/auth.middleware.js:21:25)
    at Layer.handle [as handle_request] (/Users/apple/Downloads/employee-onboarding/backend/node_modules/express/lib/router/layer.js:95:5)
    at trim_prefix (/Users/apple/Downloads/employee-onboarding/backend/node_modules/express/lib/router/index.js:328:13)
    at /Users/apple/Downloads/employee-onboarding/backend/node_modules/express/lib/router/index.js:286:9
    at Function.process_params (/Users/apple/Downloads/employee-onboarding/backend/node_modules/express/lib/router/index.js:346:12)
    at next (/Users/apple/Downloads/employee-onboarding/backend/node_modules/express/lib/router/index.js:280:10)
    at Function.handle (/Users/apple/Downloads/employee-onboarding/backend/node_modules/express/lib/router/index.js:175:3)
2026-04-28 13:21:01 [error]: TokenExpiredError: jwt expired
    at /Users/apple/Downloads/employee-onboarding/backend/node_modules/jsonwebtoken/verify.js:190:21
    at getSecret (/Users/apple/Downloads/employee-onboarding/backend/node_modules/jsonwebtoken/verify.js:97:14)
    at module.exports [as verify] (/Users/apple/Downloads/employee-onboarding/backend/node_modules/jsonwebtoken/verify.js:101:10)
    at exports.protect (/Users/apple/Downloads/employee-onboarding/backend/middlewares/auth.middleware.js:21:25)
    at Layer.handle [as handle_request] (/Users/apple/Downloads/employee-onboarding/backend/node_modules/express/lib/router/layer.js:95:5)
    at trim_prefix (/Users/apple/Downloads/employee-onboarding/backend/node_modules/express/lib/router/index.js:328:13)
    at /Users/apple/Downloads/employee-onboarding/backend/node_modules/express/lib/router/index.js:286:9
    at Function.process_params (/Users/apple/Downloads/employee-onboarding/backend/node_modules/express/lib/router/index.js:346:12)
    at next (/Users/apple/Downloads/employee-onboarding/backend/node_modules/express/lib/router/index.js:280:10)
    at Function.handle (/Users/apple/Downloads/employee-onboarding/backend/node_modules/express/lib/router/index.js:175:3)
2026-04-28 13:30:24 [error]: Error: Aadhaar, PAN, and Passbook are required before submitting.
    at EmployeeProfileService.submitSection (/Users/apple/Downloads/employee-onboarding/backend/services/employee.service.js:149:15)
    at process.processTicksAndRejections (node:internal/process/task_queues:105:5)
    at async /Users/apple/Downloads/employee-onboarding/backend/controllers/employee.controller.js:73:19
2026-04-28 13:30:30 [error]: UNHANDLED REJECTION: Error - Unknown API key 
2026-04-28 13:36:18 [error]: Seed failed: querySrv EREFUSED _mongodb._tcp.bitbyte.vpbf2qu.mongodb.net
2026-04-28 13:36:54 [error]: Seed failed: E11000 duplicate key error collection: test.users index: email_1 dup key: { email: "superadmin@company.com" }
2026-04-28 13:37:43 [error]: Seed failed: E11000 duplicate key error collection: test.users index: email_1 dup key: { email: "superadmin@company.com" }
2026-04-28 13:40:40 [error]: Seed failed: E11000 duplicate key error collection: test.users index: email_1 dup key: { email: "superadmin@company.com" }
2026-04-28 13:42:21 [error]: Seed failed: E11000 duplicate key error collection: test.users index: email_1 dup key: { email: "superadmin@company.com" }
2026-04-28 13:42:47 [error]: Error: Aadhaar, PAN, and Passbook are required before submitting.
    at EmployeeProfileService.submitSection (/Users/apple/Downloads/employee-onboarding/backend/services/employee.service.js:149:15)
    at process.processTicksAndRejections (node:internal/process/task_queues:105:5)
    at async /Users/apple/Downloads/employee-onboarding/backend/controllers/employee.controller.js:73:19
2026-04-28 13:45:22 [error]: Error: Aadhaar, PAN, and Passbook are required before submitting.
    at EmployeeProfileService.submitSection (/Users/apple/Downloads/employee-onboarding/backend/services/employee.service.js:149:15)
    at process.processTicksAndRejections (node:internal/process/task_queues:105:5)
    at async /Users/apple/Downloads/employee-onboarding/backend/controllers/employee.controller.js:73:19
2026-04-28 13:47:09 [error]: Error: Aadhaar, PAN, and Passbook are required before submitting.
    at EmployeeProfileService.submitSection (/Users/apple/Downloads/employee-onboarding/backend/services/employee.service.js:181:15)
    at process.processTicksAndRejections (node:internal/process/task_queues:105:5)
    at async /Users/apple/Downloads/employee-onboarding/backend/controllers/employee.controller.js:73:19
2026-04-28 13:49:31 [error]: Error: Aadhaar, PAN, and Passbook are required before submitting.
    at EmployeeProfileService.submitSection (/Users/apple/Downloads/employee-onboarding/backend/services/employee.service.js:187:15)
    at process.processTicksAndRejections (node:internal/process/task_queues:105:5)
    at async /Users/apple/Downloads/employee-onboarding/backend/controllers/employee.controller.js:73:19
2026-04-28 13:55:22 [error]: UNHANDLED REJECTION: Error - Invalid cloud_name bitbyte
2026-04-28 13:59:16 [error]: UNHANDLED REJECTION: Error - Invalid cloud_name bitbyte-tech
2026-04-28 14:02:05 [error]: Error: Invalid Cloudinary cloud name. Use the exact cloud name from Cloudinary settings; it can contain only letters, numbers, and underscores.
    at ensureCloudinaryConfigured (/Users/apple/Downloads/employee-onboarding/backend/config/cloudinary.js:25:17)
    at Layer.handle [as handle_request] (/Users/apple/Downloads/employee-onboarding/backend/node_modules/express/lib/router/layer.js:95:5)
    at next (/Users/apple/Downloads/employee-onboarding/backend/node_modules/express/lib/router/route.js:149:13)
    at Route.dispatch (/Users/apple/Downloads/employee-onboarding/backend/node_modules/express/lib/router/route.js:119:3)
    at Layer.handle [as handle_request] (/Users/apple/Downloads/employee-onboarding/backend/node_modules/express/lib/router/layer.js:95:5)
    at /Users/apple/Downloads/employee-onboarding/backend/node_modules/express/lib/router/index.js:284:15
    at Function.process_params (/Users/apple/Downloads/employee-onboarding/backend/node_modules/express/lib/router/index.js:346:12)
    at next (/Users/apple/Downloads/employee-onboarding/backend/node_modules/express/lib/router/index.js:280:10)
    at exports.checkFirstLogin (/Users/apple/Downloads/employee-onboarding/backend/middlewares/auth.middleware.js:60:3)
    at Layer.handle [as handle_request] (/Users/apple/Downloads/employee-onboarding/backend/node_modules/express/lib/router/layer.js:95:5)
2026-04-28 14:02:10 [error]: Error: Invalid Cloudinary cloud name. Use the exact cloud name from Cloudinary settings; it can contain only letters, numbers, and underscores.
    at ensureCloudinaryConfigured (/Users/apple/Downloads/employee-onboarding/backend/config/cloudinary.js:25:17)
    at Layer.handle [as handle_request] (/Users/apple/Downloads/employee-onboarding/backend/node_modules/express/lib/router/layer.js:95:5)
    at next (/Users/apple/Downloads/employee-onboarding/backend/node_modules/express/lib/router/route.js:149:13)
    at Route.dispatch (/Users/apple/Downloads/employee-onboarding/backend/node_modules/express/lib/router/route.js:119:3)
    at Layer.handle [as handle_request] (/Users/apple/Downloads/employee-onboarding/backend/node_modules/express/lib/router/layer.js:95:5)
    at /Users/apple/Downloads/employee-onboarding/backend/node_modules/express/lib/router/index.js:284:15
    at Function.process_params (/Users/apple/Downloads/employee-onboarding/backend/node_modules/express/lib/router/index.js:346:12)
    at next (/Users/apple/Downloads/employee-onboarding/backend/node_modules/express/lib/router/index.js:280:10)
    at exports.checkFirstLogin (/Users/apple/Downloads/employee-onboarding/backend/middlewares/auth.middleware.js:60:3)
    at Layer.handle [as handle_request] (/Users/apple/Downloads/employee-onboarding/backend/node_modules/express/lib/router/layer.js:95:5)
2026-04-28 14:07:56 [error]: UNHANDLED REJECTION: Error - Invalid cloud_name bitbyte-tech
2026-04-28 14:07:56 [error]: UNHANDLED REJECTION: Error - Invalid cloud_name bitbyte-tech
2026-04-28 14:07:56 [error]: UNHANDLED REJECTION: Error - Invalid cloud_name bitbyte-tech
2026-04-28 14:07:56 [error]: Error: Cloudinary rejected the configured cloud name. Check CLOUDINARY_CLOUD_NAME in backend/.env against your Cloudinary dashboard.
    at /Users/apple/Downloads/employee-onboarding/backend/routes/employee.routes.js:24:17
    at done (/Users/apple/Downloads/employee-onboarding/backend/node_modules/multer/lib/make-middleware.js:47:7)
    at /Users/apple/Downloads/employee-onboarding/backend/node_modules/multer/lib/make-middleware.js:67:11
    at removeUploadedFiles (/Users/apple/Downloads/employee-onboarding/backend/node_modules/multer/lib/remove-uploaded-files.js:5:28)
    at Counter.<anonymous> (/Users/apple/Downloads/employee-onboarding/backend/node_modules/multer/lib/make-middleware.js:63:9)
    at Object.onceWrapper (node:events:638:28)
    at Counter.emit (node:events:524:28)
    at Counter.decrement (/Users/apple/Downloads/employee-onboarding/backend/node_modules/multer/lib/counter.js:15:32)
    at /Users/apple/Downloads/employee-onboarding/backend/node_modules/multer/lib/make-middleware.js:148:27
    at CloudinaryStorage.<anonymous> (/Users/apple/Downloads/employee-onboarding/backend/node_modules/multer-storage-cloudinary/lib/index.js:115:25)
2026-04-28 14:11:13 [error]: UNHANDLED REJECTION: Error - Invalid cloud_name example
2026-04-28 14:11:13 [error]: UNHANDLED REJECTION: Error - Invalid cloud_name example
2026-04-28 14:11:13 [error]: UNHANDLED REJECTION: Error - Invalid cloud_name example
2026-04-28 14:11:13 [error]: Error: Cloudinary rejected the configured cloud name. Check CLOUDINARY_CLOUD_NAME in backend/.env against your Cloudinary dashboard.
    at /Users/apple/Downloads/employee-onboarding/backend/routes/employee.routes.js:24:17
    at done (/Users/apple/Downloads/employee-onboarding/backend/node_modules/multer/lib/make-middleware.js:47:7)
    at /Users/apple/Downloads/employee-onboarding/backend/node_modules/multer/lib/make-middleware.js:67:11
    at removeUploadedFiles (/Users/apple/Downloads/employee-onboarding/backend/node_modules/multer/lib/remove-uploaded-files.js:5:28)
    at Counter.<anonymous> (/Users/apple/Downloads/employee-onboarding/backend/node_modules/multer/lib/make-middleware.js:63:9)
    at Object.onceWrapper (node:events:638:28)
    at Counter.emit (node:events:524:28)
    at Counter.decrement (/Users/apple/Downloads/employee-onboarding/backend/node_modules/multer/lib/counter.js:15:32)
    at /Users/apple/Downloads/employee-onboarding/backend/node_modules/multer/lib/make-middleware.js:148:27
    at CloudinaryStorage.<anonymous> (/Users/apple/Downloads/employee-onboarding/backend/node_modules/multer-storage-cloudinary/lib/index.js:115:25)
2026-04-28 14:50:59 [error]: Error: Section must be in submitted/under_review state. Current: pending
    at AdminService.verifySection (/Users/apple/Downloads/employee-onboarding/backend/services/admin.service.js:174:13)
    at process.processTicksAndRejections (node:internal/process/task_queues:105:5)
    at async AdminService.verifyDocument (/Users/apple/Downloads/employee-onboarding/backend/services/admin.service.js:240:7)
    at async /Users/apple/Downloads/employee-onboarding/backend/controllers/admin.controller.js:28:21
2026-04-28 14:51:16 [error]: Error: Section must be in submitted/under_review state. Current: pending
    at AdminService.verifySection (/Users/apple/Downloads/employee-onboarding/backend/services/admin.service.js:174:13)
    at process.processTicksAndRejections (node:internal/process/task_queues:105:5)
    at async AdminService.verifyDocument (/Users/apple/Downloads/employee-onboarding/backend/services/admin.service.js:240:7)
    at async /Users/apple/Downloads/employee-onboarding/backend/controllers/admin.controller.js:28:21
2026-04-28 15:47:04 [error]: MongoDB connection failed: Could not connect to any servers in your MongoDB Atlas cluster. One common reason is that you're trying to access the database from an IP that isn't whitelisted. Make sure your current IP address is on your Atlas cluster's IP whitelist: https://www.mongodb.com/docs/atlas/security-whitelist/
2026-04-28 18:11:39 [error]: MongoDB connection failed: Could not connect to any servers in your MongoDB Atlas cluster. One common reason is that you're trying to access the database from an IP that isn't whitelisted. Make sure your current IP address is on your Atlas cluster's IP whitelist: https://www.mongodb.com/docs/atlas/security-whitelist/
2026-04-28 18:13:59 [error]: MongoDB connection failed: Could not connect to any servers in your MongoDB Atlas cluster. One common reason is that you're trying to access the database from an IP that isn't whitelisted. Make sure your current IP address is on your Atlas cluster's IP whitelist: https://www.mongodb.com/docs/atlas/security-whitelist/
2026-04-28 18:14:31 [error]: MongoDB connection failed: Could not connect to any servers in your MongoDB Atlas cluster. One common reason is that you're trying to access the database from an IP that isn't whitelisted. Make sure your current IP address is on your Atlas cluster's IP whitelist: https://www.mongodb.com/docs/atlas/security-whitelist/
2026-05-02 15:55:36 [error]: SMTP Connection Error (Detail): Invalid login: 535-5.7.8 Username and Password not accepted. For more information, go to
535 5.7.8  https://support.google.com/mail/?p=BadCredentials 98e67ed59e1d1-364be028cd6sm8002732a91.14 - gsmtp
2026-05-02 16:49:29 [error]: [EmailService] CRITICAL: SENDGRID_API_KEY missing from environment!
